Stage 6B1 conservative spatial tissue-context projection
Started: 2026-06-29 09:21:25 CST 

Loading GSM6250307 
Loading GSM6250308 
Loading GSM6250309 
Loading GSM6250310 
Loading GSM7166170 
Spot score rows: 139446 

Section-level consistency counts:
                       consistency_label     N
                                  <char> <int>
1:                   consistent_positive     2
2: directionally_positive_but_attenuated     2
3:                         mixed_or_weak    10
4:                         not_supported    18

Claim decisions:
                            evidence_component                 claim_strength
                                        <char>                         <char>
1:        primary_MAGMA_LoopTAL_codistribution moderate_supplementary_context
2:         primary_MAGMA_injury_codistribution                  not_supported
3:            primary_MAGMA_ECM_codistribution                  not_supported
4: primary_MAGMA_mineralization_codistribution               descriptive_only
5:               TWAS_proxy_spatial_projection               descriptive_only
6:         curated_exemplar_spatial_projection               descriptive_only
7:                     overall_spatial_support moderate_supplementary_context

Spatial autocorrelation was not run: no preregistered/validated neighbor graph; see audit memo.
Completed: 2026-06-29 09:21:32 CST 
